ISim log file
Running: /home/iverton/Documentos/SD Projeto 2 atual/Interface/test_interface_isim_beh.exe -intstyle ise -gui -tclbatch isim.cmd -wdb /home/iverton/Documentos/SD Projeto 2 atual/Interface/test_interface_isim_beh.wdb 
ISim P.20131013 (signature 0xfbc00daa)
WARNING: A WEBPACK license was found.
WARNING: Please use Xilinx License Configuration Manager to check out a full ISim license.
WARNING: ISim will run in Lite mode. Please refer to the ISim documentation for more information on the differences between the Lite and the Full version.
This is a Lite version of ISim.
Time resolution is 1 ps
# onerror resume
# wave add /
# run 2500 us
Simulator is doing circuit initialization process.
at 0 ps, Instance /test_interface/uut/teclado_Program/fifo_key_unit/ : Warning: NUMERIC_STD.TO_INTEGER: metavalue detected, returning 0
Finished circuit initialization process.
at 0 ps, Instance /test_interface/uut/Mult_BCD/product_X1/convercao/ : Warning: NUMERIC_STD.">=": metavalue detected, returning FALSE
at 0 ps, Instance /test_interface/uut/Mult_BCD/product_X1/convercao/ : Warning: NUMERIC_STD.">=": metavalue detected, returning FALSE
at 0 ps, Instance /test_interface/uut/Mult_BCD/product_X1/convercao/ : Warning: NUMERIC_STD.">=": metavalue detected, returning FALSE
at 0 ps, Instance /test_interface/uut/Mult_BCD/product_X1/convercao/ : Warning: NUMERIC_STD.">=": metavalue detected, returning FALSE
at 0 ps, Instance /test_interface/uut/Mult_BCD/product_X1/convercao/ : Warning: NUMERIC_STD.">=": metavalue detected, returning FALSE
at 0 ps, Instance /test_interface/uut/Mult_BCD/product_X1/convercao/ : Warning: NUMERIC_STD.">=": metavalue detected, returning FALSE
at 0 ps, Instance /test_interface/uut/Mult_BCD/product_X1/convercao/ : Warning: NUMERIC_STD.">=": metavalue detected, returning FALSE
at 0 ps, Instance /test_interface/uut/Mult_BCD/product_X1/convercao/ : Warning: NUMERIC_STD.">=": metavalue detected, returning FALSE
at 0 ps, Instance /test_interface/uut/Mult_BCD/product_X1/convercao/ : Warning: NUMERIC_STD.">=": metavalue detected, returning FALSE
at 0 ps, Instance /test_interface/uut/Mult_BCD/product_X1/convercao/ : Warning: NUMERIC_STD.">=": metavalue detected, returning FALSE
at 0 ps, Instance /test_interface/uut/Mult_BCD/product_X2/convercao/ : Warning: NUMERIC_STD.">=": metavalue detected, returning FALSE
at 0 ps, Instance /test_interface/uut/Mult_BCD/product_X2/convercao/ : Warning: NUMERIC_STD.">=": metavalue detected, returning FALSE
at 0 ps, Instance /test_interface/uut/Mult_BCD/product_X2/convercao/ : Warning: NUMERIC_STD.">=": metavalue detected, returning FALSE
at 0 ps, Instance /test_interface/uut/Mult_BCD/product_X2/convercao/ : Warning: NUMERIC_STD.">=": metavalue detected, returning FALSE
at 0 ps, Instance /test_interface/uut/Mult_BCD/product_X2/convercao/ : Warning: NUMERIC_STD.">=": metavalue detected, returning FALSE
at 0 ps, Instance /test_interface/uut/Mult_BCD/product_X2/convercao/ : Warning: NUMERIC_STD.">=": metavalue detected, returning FALSE
at 0 ps, Instance /test_interface/uut/Mult_BCD/product_X2/convercao/ : Warning: NUMERIC_STD.">=": metavalue detected, returning FALSE
at 0 ps, Instance /test_interface/uut/Mult_BCD/product_X2/convercao/ : Warning: NUMERIC_STD.">=": metavalue detected, returning FALSE
at 0 ps, Instance /test_interface/uut/Mult_BCD/product_X2/convercao/ : Warning: NUMERIC_STD.">=": metavalue detected, returning FALSE
at 0 ps, Instance /test_interface/uut/Mult_BCD/product_X2/convercao/ : Warning: NUMERIC_STD.">=": metavalue detected, returning FALSE
at 0 ps, Instance /test_interface/uut/Mult_BCD/product_X3/convercao/ : Warning: NUMERIC_STD.">=": metavalue detected, returning FALSE
at 0 ps, Instance /test_interface/uut/Mult_BCD/product_X3/convercao/ : Warning: NUMERIC_STD.">=": metavalue detected, returning FALSE
at 0 ps, Instance /test_interface/uut/Mult_BCD/product_X3/convercao/ : Warning: NUMERIC_STD.">=": metavalue detected, returning FALSE
at 0 ps, Instance /test_interface/uut/Mult_BCD/product_X3/convercao/ : Warning: NUMERIC_STD.">=": metavalue detected, returning FALSE
at 0 ps, Instance /test_interface/uut/Mult_BCD/product_X3/convercao/ : Warning: NUMERIC_STD.">=": metavalue detected, returning FALSE
at 0 ps, Instance /test_interface/uut/Mult_BCD/product_X3/convercao/ : Warning: NUMERIC_STD.">=": metavalue detected, returning FALSE
at 0 ps, Instance /test_interface/uut/Mult_BCD/product_X3/convercao/ : Warning: NUMERIC_STD.">=": metavalue detected, returning FALSE
at 0 ps, Instance /test_interface/uut/Mult_BCD/product_X3/convercao/ : Warning: NUMERIC_STD.">=": metavalue detected, returning FALSE
at 0 ps, Instance /test_interface/uut/Mult_BCD/product_X3/convercao/ : Warning: NUMERIC_STD.">=": metavalue detected, returning FALSE
at 0 ps, Instance /test_interface/uut/Mult_BCD/product_X3/convercao/ : Warning: NUMERIC_STD.">=": metavalue detected, returning FALSE
at 0 ps, Instance /test_interface/uut/Mult_BCD/product_X4/convercao/ : Warning: NUMERIC_STD.">=": metavalue detected, returning FALSE
at 0 ps, Instance /test_interface/uut/Mult_BCD/product_X4/convercao/ : Warning: NUMERIC_STD.">=": metavalue detected, returning FALSE
at 0 ps, Instance /test_interface/uut/Mult_BCD/product_X4/convercao/ : Warning: NUMERIC_STD.">=": metavalue detected, returning FALSE
at 0 ps, Instance /test_interface/uut/Mult_BCD/product_X4/convercao/ : Warning: NUMERIC_STD.">=": metavalue detected, returning FALSE
at 0 ps, Instance /test_interface/uut/Mult_BCD/product_X4/convercao/ : Warning: NUMERIC_STD.">=": metavalue detected, returning FALSE
at 0 ps, Instance /test_interface/uut/Mult_BCD/product_X4/convercao/ : Warning: NUMERIC_STD.">=": metavalue detected, returning FALSE
at 0 ps, Instance /test_interface/uut/Mult_BCD/product_X4/convercao/ : Warning: NUMERIC_STD.">=": metavalue detected, returning FALSE
at 0 ps, Instance /test_interface/uut/Mult_BCD/product_X4/convercao/ : Warning: NUMERIC_STD.">=": metavalue detected, returning FALSE
at 0 ps, Instance /test_interface/uut/Mult_BCD/product_X4/convercao/ : Warning: NUMERIC_STD.">=": metavalue detected, returning FALSE
at 0 ps, Instance /test_interface/uut/Mult_BCD/product_X4/convercao/ : Warning: NUMERIC_STD.">=": metavalue detected, returning FALSE
at 0 ps, Instance /test_interface/uut/Mult_BCD/product_Y1/convercao/ : Warning: NUMERIC_STD.">=": metavalue detected, returning FALSE
at 0 ps, Instance /test_interface/uut/Mult_BCD/product_Y1/convercao/ : Warning: NUMERIC_STD.">=": metavalue detected, returning FALSE
at 0 ps, Instance /test_interface/uut/Mult_BCD/product_Y1/convercao/ : Warning: NUMERIC_STD.">=": metavalue detected, returning FALSE
at 0 ps, Instance /test_interface/uut/Mult_BCD/product_Y1/convercao/ : Warning: NUMERIC_STD.">=": metavalue detected, returning FALSE
at 0 ps, Instance /test_interface/uut/Mult_BCD/product_Y1/convercao/ : Warning: NUMERIC_STD.">=": metavalue detected, returning FALSE
at 0 ps, Instance /test_interface/uut/Mult_BCD/product_Y1/convercao/ : Warning: NUMERIC_STD.">=": metavalue detected, returning FALSE
at 0 ps, Instance /test_interface/uut/Mult_BCD/product_Y1/convercao/ : Warning: NUMERIC_STD.">=": metavalue detected, returning FALSE
at 0 ps, Instance /test_interface/uut/Mult_BCD/product_Y1/convercao/ : Warning: NUMERIC_STD.">=": metavalue detected, returning FALSE
at 0 ps, Instance /test_interface/uut/Mult_BCD/product_Y1/convercao/ : Warning: NUMERIC_STD.">=": metavalue detected, returning FALSE
at 0 ps, Instance /test_interface/uut/Mult_BCD/product_Y1/convercao/ : Warning: NUMERIC_STD.">=": metavalue detected, returning FALSE
at 0 ps, Instance /test_interface/uut/Mult_BCD/product_Y2/convercao/ : Warning: NUMERIC_STD.">=": metavalue detected, returning FALSE
at 0 ps, Instance /test_interface/uut/Mult_BCD/product_Y2/convercao/ : Warning: NUMERIC_STD.">=": metavalue detected, returning FALSE
at 0 ps, Instance /test_interface/uut/Mult_BCD/product_Y2/convercao/ : Warning: NUMERIC_STD.">=": metavalue detected, returning FALSE
at 0 ps, Instance /test_interface/uut/Mult_BCD/product_Y2/convercao/ : Warning: NUMERIC_STD.">=": metavalue detected, returning FALSE
at 0 ps, Instance /test_interface/uut/Mult_BCD/product_Y2/convercao/ : Warning: NUMERIC_STD.">=": metavalue detected, returning FALSE
at 0 ps, Instance /test_interface/uut/Mult_BCD/product_Y2/convercao/ : Warning: NUMERIC_STD.">=": metavalue detected, returning FALSE
at 0 ps, Instance /test_interface/uut/Mult_BCD/product_Y2/convercao/ : Warning: NUMERIC_STD.">=": metavalue detected, returning FALSE
at 0 ps, Instance /test_interface/uut/Mult_BCD/product_Y2/convercao/ : Warning: NUMERIC_STD.">=": metavalue detected, returning FALSE
at 0 ps, Instance /test_interface/uut/Mult_BCD/product_Y2/convercao/ : Warning: NUMERIC_STD.">=": metavalue detected, returning FALSE
at 0 ps, Instance /test_interface/uut/Mult_BCD/product_Y2/convercao/ : Warning: NUMERIC_STD.">=": metavalue detected, returning FALSE
at 0 ps, Instance /test_interface/uut/Mult_BCD/product_Y3/convercao/ : Warning: NUMERIC_STD.">=": metavalue detected, returning FALSE
at 0 ps, Instance /test_interface/uut/Mult_BCD/product_Y3/convercao/ : Warning: NUMERIC_STD.">=": metavalue detected, returning FALSE
at 0 ps, Instance /test_interface/uut/Mult_BCD/product_Y3/convercao/ : Warning: NUMERIC_STD.">=": metavalue detected, returning FALSE
at 0 ps, Instance /test_interface/uut/Mult_BCD/product_Y3/convercao/ : Warning: NUMERIC_STD.">=": metavalue detected, returning FALSE
at 0 ps, Instance /test_interface/uut/Mult_BCD/product_Y3/convercao/ : Warning: NUMERIC_STD.">=": metavalue detected, returning FALSE
at 0 ps, Instance /test_interface/uut/Mult_BCD/product_Y3/convercao/ : Warning: NUMERIC_STD.">=": metavalue detected, returning FALSE
at 0 ps, Instance /test_interface/uut/Mult_BCD/product_Y3/convercao/ : Warning: NUMERIC_STD.">=": metavalue detected, returning FALSE
at 0 ps, Instance /test_interface/uut/Mult_BCD/product_Y3/convercao/ : Warning: NUMERIC_STD.">=": metavalue detected, returning FALSE
at 0 ps, Instance /test_interface/uut/Mult_BCD/product_Y3/convercao/ : Warning: NUMERIC_STD.">=": metavalue detected, returning FALSE
at 0 ps, Instance /test_interface/uut/Mult_BCD/product_Y3/convercao/ : Warning: NUMERIC_STD.">=": metavalue detected, returning FALSE
at 0 ps, Instance /test_interface/uut/Mult_BCD/product_Y4/convercao/ : Warning: NUMERIC_STD.">=": metavalue detected, returning FALSE
at 0 ps, Instance /test_interface/uut/Mult_BCD/product_Y4/convercao/ : Warning: NUMERIC_STD.">=": metavalue detected, returning FALSE
at 0 ps, Instance /test_interface/uut/Mult_BCD/product_Y4/convercao/ : Warning: NUMERIC_STD.">=": metavalue detected, returning FALSE
at 0 ps, Instance /test_interface/uut/Mult_BCD/product_Y4/convercao/ : Warning: NUMERIC_STD.">=": metavalue detected, returning FALSE
at 0 ps, Instance /test_interface/uut/Mult_BCD/product_Y4/convercao/ : Warning: NUMERIC_STD.">=": metavalue detected, returning FALSE
at 0 ps, Instance /test_interface/uut/Mult_BCD/product_Y4/convercao/ : Warning: NUMERIC_STD.">=": metavalue detected, returning FALSE
at 0 ps, Instance /test_interface/uut/Mult_BCD/product_Y4/convercao/ : Warning: NUMERIC_STD.">=": metavalue detected, returning FALSE
at 0 ps, Instance /test_interface/uut/Mult_BCD/product_Y4/convercao/ : Warning: NUMERIC_STD.">=": metavalue detected, returning FALSE
at 0 ps, Instance /test_interface/uut/Mult_BCD/product_Y4/convercao/ : Warning: NUMERIC_STD.">=": metavalue detected, returning FALSE
at 0 ps, Instance /test_interface/uut/Mult_BCD/product_Y4/convercao/ : Warning: NUMERIC_STD.">=": metavalue detected, returning FALSE
at 0 ps, Instance /test_interface/uut/Mult_BCD/productW1/convercao/ : Warning: NUMERIC_STD.">=": metavalue detected, returning FALSE
at 0 ps, Instance /test_interface/uut/Mult_BCD/productW1/convercao/ : Warning: NUMERIC_STD.">=": metavalue detected, returning FALSE
at 0 ps, Instance /test_interface/uut/Mult_BCD/productW1/convercao/ : Warning: NUMERIC_STD.">=": metavalue detected, returning FALSE
at 0 ps, Instance /test_interface/uut/Mult_BCD/productW1/convercao/ : Warning: NUMERIC_STD.">=": metavalue detected, returning FALSE
at 0 ps, Instance /test_interface/uut/Mult_BCD/productW1/convercao/ : Warning: NUMERIC_STD.">=": metavalue detected, returning FALSE
at 0 ps, Instance /test_interface/uut/Mult_BCD/productW1/convercao/ : Warning: NUMERIC_STD.">=": metavalue detected, returning FALSE
at 0 ps, Instance /test_interface/uut/Mult_BCD/productW1/convercao/ : Warning: NUMERIC_STD.">=": metavalue detected, returning FALSE
at 0 ps, Instance /test_interface/uut/Mult_BCD/productW1/convercao/ : Warning: NUMERIC_STD.">=": metavalue detected, returning FALSE
at 0 ps, Instance /test_interface/uut/Mult_BCD/productW1/convercao/ : Warning: NUMERIC_STD.">=": metavalue detected, returning FALSE
at 0 ps, Instance /test_interface/uut/Mult_BCD/productW1/convercao/ : Warning: NUMERIC_STD.">=": metavalue detected, returning FALSE
at 0 ps, Instance /test_interface/uut/Mult_BCD/productW2/convercao/ : Warning: NUMERIC_STD.">=": metavalue detected, returning FALSE
at 0 ps, Instance /test_interface/uut/Mult_BCD/productW2/convercao/ : Warning: NUMERIC_STD.">=": metavalue detected, returning FALSE
at 0 ps, Instance /test_interface/uut/Mult_BCD/productW2/convercao/ : Warning: NUMERIC_STD.">=": metavalue detected, returning FALSE
at 0 ps, Instance /test_interface/uut/Mult_BCD/productW2/convercao/ : Warning: NUMERIC_STD.">=": metavalue detected, returning FALSE
at 0 ps, Instance /test_interface/uut/Mult_BCD/productW2/convercao/ : Warning: NUMERIC_STD.">=": metavalue detected, returning FALSE
at 0 ps, Instance /test_interface/uut/Mult_BCD/productW2/convercao/ : Warning: NUMERIC_STD.">=": metavalue detected, returning FALSE
at 0 ps, Instance /test_interface/uut/Mult_BCD/productW2/convercao/ : Warning: NUMERIC_STD.">=": metavalue detected, returning FALSE
at 0 ps, Instance /test_interface/uut/Mult_BCD/productW2/convercao/ : Warning: NUMERIC_STD.">=": metavalue detected, returning FALSE
at 0 ps, Instance /test_interface/uut/Mult_BCD/productW2/convercao/ : Warning: NUMERIC_STD.">=": metavalue detected, returning FALSE
at 0 ps, Instance /test_interface/uut/Mult_BCD/productW2/convercao/ : Warning: NUMERIC_STD.">=": metavalue detected, returning FALSE
at 0 ps, Instance /test_interface/uut/Mult_BCD/productW3/convercao/ : Warning: NUMERIC_STD.">=": metavalue detected, returning FALSE
at 0 ps, Instance /test_interface/uut/Mult_BCD/productW3/convercao/ : Warning: NUMERIC_STD.">=": metavalue detected, returning FALSE
at 0 ps, Instance /test_interface/uut/Mult_BCD/productW3/convercao/ : Warning: NUMERIC_STD.">=": metavalue detected, returning FALSE
at 0 ps, Instance /test_interface/uut/Mult_BCD/productW3/convercao/ : Warning: NUMERIC_STD.">=": metavalue detected, returning FALSE
at 0 ps, Instance /test_interface/uut/Mult_BCD/productW3/convercao/ : Warning: NUMERIC_STD.">=": metavalue detected, returning FALSE
at 0 ps, Instance /test_interface/uut/Mult_BCD/productW3/convercao/ : Warning: NUMERIC_STD.">=": metavalue detected, returning FALSE
at 0 ps, Instance /test_interface/uut/Mult_BCD/productW3/convercao/ : Warning: NUMERIC_STD.">=": metavalue detected, returning FALSE
at 0 ps, Instance /test_interface/uut/Mult_BCD/productW3/convercao/ : Warning: NUMERIC_STD.">=": metavalue detected, returning FALSE
at 0 ps, Instance /test_interface/uut/Mult_BCD/productW3/convercao/ : Warning: NUMERIC_STD.">=": metavalue detected, returning FALSE
at 0 ps, Instance /test_interface/uut/Mult_BCD/productW3/convercao/ : Warning: NUMERIC_STD.">=": metavalue detected, returning FALSE
at 0 ps, Instance /test_interface/uut/Mult_BCD/productW4/convercao/ : Warning: NUMERIC_STD.">=": metavalue detected, returning FALSE
at 0 ps, Instance /test_interface/uut/Mult_BCD/productW4/convercao/ : Warning: NUMERIC_STD.">=": metavalue detected, returning FALSE
at 0 ps, Instance /test_interface/uut/Mult_BCD/productW4/convercao/ : Warning: NUMERIC_STD.">=": metavalue detected, returning FALSE
at 0 ps, Instance /test_interface/uut/Mult_BCD/productW4/convercao/ : Warning: NUMERIC_STD.">=": metavalue detected, returning FALSE
at 0 ps, Instance /test_interface/uut/Mult_BCD/productW4/convercao/ : Warning: NUMERIC_STD.">=": metavalue detected, returning FALSE
at 0 ps, Instance /test_interface/uut/Mult_BCD/productW4/convercao/ : Warning: NUMERIC_STD.">=": metavalue detected, returning FALSE
at 0 ps, Instance /test_interface/uut/Mult_BCD/productW4/convercao/ : Warning: NUMERIC_STD.">=": metavalue detected, returning FALSE
at 0 ps, Instance /test_interface/uut/Mult_BCD/productW4/convercao/ : Warning: NUMERIC_STD.">=": metavalue detected, returning FALSE
at 0 ps, Instance /test_interface/uut/Mult_BCD/productW4/convercao/ : Warning: NUMERIC_STD.">=": metavalue detected, returning FALSE
at 0 ps, Instance /test_interface/uut/Mult_BCD/productW4/convercao/ : Warning: NUMERIC_STD.">=": metavalue detected, returning FALSE
at 0 ps, Instance /test_interface/uut/Mult_BCD/productZ1/convercao/ : Warning: NUMERIC_STD.">=": metavalue detected, returning FALSE
at 0 ps, Instance /test_interface/uut/Mult_BCD/productZ1/convercao/ : Warning: NUMERIC_STD.">=": metavalue detected, returning FALSE
at 0 ps, Instance /test_interface/uut/Mult_BCD/productZ1/convercao/ : Warning: NUMERIC_STD.">=": metavalue detected, returning FALSE
at 0 ps, Instance /test_interface/uut/Mult_BCD/productZ1/convercao/ : Warning: NUMERIC_STD.">=": metavalue detected, returning FALSE
at 0 ps, Instance /test_interface/uut/Mult_BCD/productZ1/convercao/ : Warning: NUMERIC_STD.">=": metavalue detected, returning FALSE
at 0 ps, Instance /test_interface/uut/Mult_BCD/productZ1/convercao/ : Warning: NUMERIC_STD.">=": metavalue detected, returning FALSE
at 0 ps, Instance /test_interface/uut/Mult_BCD/productZ1/convercao/ : Warning: NUMERIC_STD.">=": metavalue detected, returning FALSE
at 0 ps, Instance /test_interface/uut/Mult_BCD/productZ1/convercao/ : Warning: NUMERIC_STD.">=": metavalue detected, returning FALSE
at 0 ps, Instance /test_interface/uut/Mult_BCD/productZ1/convercao/ : Warning: NUMERIC_STD.">=": metavalue detected, returning FALSE
at 0 ps, Instance /test_interface/uut/Mult_BCD/productZ1/convercao/ : Warning: NUMERIC_STD.">=": metavalue detected, returning FALSE
at 0 ps, Instance /test_interface/uut/Mult_BCD/productZ2/convercao/ : Warning: NUMERIC_STD.">=": metavalue detected, returning FALSE
at 0 ps, Instance /test_interface/uut/Mult_BCD/productZ2/convercao/ : Warning: NUMERIC_STD.">=": metavalue detected, returning FALSE
at 0 ps, Instance /test_interface/uut/Mult_BCD/productZ2/convercao/ : Warning: NUMERIC_STD.">=": metavalue detected, returning FALSE
at 0 ps, Instance /test_interface/uut/Mult_BCD/productZ2/convercao/ : Warning: NUMERIC_STD.">=": metavalue detected, returning FALSE
at 0 ps, Instance /test_interface/uut/Mult_BCD/productZ2/convercao/ : Warning: NUMERIC_STD.">=": metavalue detected, returning FALSE
at 0 ps, Instance /test_interface/uut/Mult_BCD/productZ2/convercao/ : Warning: NUMERIC_STD.">=": metavalue detected, returning FALSE
at 0 ps, Instance /test_interface/uut/Mult_BCD/productZ2/convercao/ : Warning: NUMERIC_STD.">=": metavalue detected, returning FALSE
at 0 ps, Instance /test_interface/uut/Mult_BCD/productZ2/convercao/ : Warning: NUMERIC_STD.">=": metavalue detected, returning FALSE
at 0 ps, Instance /test_interface/uut/Mult_BCD/productZ2/convercao/ : Warning: NUMERIC_STD.">=": metavalue detected, returning FALSE
at 0 ps, Instance /test_interface/uut/Mult_BCD/productZ2/convercao/ : Warning: NUMERIC_STD.">=": metavalue detected, returning FALSE
at 0 ps, Instance /test_interface/uut/Mult_BCD/productZ3/convercao/ : Warning: NUMERIC_STD.">=": metavalue detected, returning FALSE
at 0 ps, Instance /test_interface/uut/Mult_BCD/productZ3/convercao/ : Warning: NUMERIC_STD.">=": metavalue detected, returning FALSE
at 0 ps, Instance /test_interface/uut/Mult_BCD/productZ3/convercao/ : Warning: NUMERIC_STD.">=": metavalue detected, returning FALSE
at 0 ps, Instance /test_interface/uut/Mult_BCD/productZ3/convercao/ : Warning: NUMERIC_STD.">=": metavalue detected, returning FALSE
at 0 ps, Instance /test_interface/uut/Mult_BCD/productZ3/convercao/ : Warning: NUMERIC_STD.">=": metavalue detected, returning FALSE
at 0 ps, Instance /test_interface/uut/Mult_BCD/productZ3/convercao/ : Warning: NUMERIC_STD.">=": metavalue detected, returning FALSE
at 0 ps, Instance /test_interface/uut/Mult_BCD/productZ3/convercao/ : Warning: NUMERIC_STD.">=": metavalue detected, returning FALSE
at 0 ps, Instance /test_interface/uut/Mult_BCD/productZ3/convercao/ : Warning: NUMERIC_STD.">=": metavalue detected, returning FALSE
at 0 ps, Instance /test_interface/uut/Mult_BCD/productZ3/convercao/ : Warning: NUMERIC_STD.">=": metavalue detected, returning FALSE
at 0 ps, Instance /test_interface/uut/Mult_BCD/productZ3/convercao/ : Warning: NUMERIC_STD.">=": metavalue detected, returning FALSE
at 0 ps, Instance /test_interface/uut/Mult_BCD/productZ4/convercao/ : Warning: NUMERIC_STD.">=": metavalue detected, returning FALSE
at 0 ps, Instance /test_interface/uut/Mult_BCD/productZ4/convercao/ : Warning: NUMERIC_STD.">=": metavalue detected, returning FALSE
at 0 ps, Instance /test_interface/uut/Mult_BCD/productZ4/convercao/ : Warning: NUMERIC_STD.">=": metavalue detected, returning FALSE
at 0 ps, Instance /test_interface/uut/Mult_BCD/productZ4/convercao/ : Warning: NUMERIC_STD.">=": metavalue detected, returning FALSE
at 0 ps, Instance /test_interface/uut/Mult_BCD/productZ4/convercao/ : Warning: NUMERIC_STD.">=": metavalue detected, returning FALSE
at 0 ps, Instance /test_interface/uut/Mult_BCD/productZ4/convercao/ : Warning: NUMERIC_STD.">=": metavalue detected, returning FALSE
at 0 ps, Instance /test_interface/uut/Mult_BCD/productZ4/convercao/ : Warning: NUMERIC_STD.">=": metavalue detected, returning FALSE
at 0 ps, Instance /test_interface/uut/Mult_BCD/productZ4/convercao/ : Warning: NUMERIC_STD.">=": metavalue detected, returning FALSE
at 0 ps, Instance /test_interface/uut/Mult_BCD/productZ4/convercao/ : Warning: NUMERIC_STD.">=": metavalue detected, returning FALSE
at 0 ps, Instance /test_interface/uut/Mult_BCD/productZ4/convercao/ : Warning: NUMERIC_STD.">=": metavalue detected, returning FALSE
# restart
# run all
Simulator is doing circuit initialization process.
at 0 ps, Instance /test_interface/uut/teclado_Program/fifo_key_unit/ : Warning: NUMERIC_STD.TO_INTEGER: metavalue detected, returning 0
Finished circuit initialization process.
at 0 ps, Instance /test_interface/uut/Mult_BCD/product_X1/convercao/ : Warning: NUMERIC_STD.">=": metavalue detected, returning FALSE
at 0 ps, Instance /test_interface/uut/Mult_BCD/product_X1/convercao/ : Warning: NUMERIC_STD.">=": metavalue detected, returning FALSE
at 0 ps, Instance /test_interface/uut/Mult_BCD/product_X1/convercao/ : Warning: NUMERIC_STD.">=": metavalue detected, returning FALSE
at 0 ps, Instance /test_interface/uut/Mult_BCD/product_X1/convercao/ : Warning: NUMERIC_STD.">=": metavalue detected, returning FALSE
at 0 ps, Instance /test_interface/uut/Mult_BCD/product_X1/convercao/ : Warning: NUMERIC_STD.">=": metavalue detected, returning FALSE
at 0 ps, Instance /test_interface/uut/Mult_BCD/product_X1/convercao/ : Warning: NUMERIC_STD.">=": metavalue detected, returning FALSE
at 0 ps, Instance /test_interface/uut/Mult_BCD/product_X1/convercao/ : Warning: NUMERIC_STD.">=": metavalue detected, returning FALSE
at 0 ps, Instance /test_interface/uut/Mult_BCD/product_X1/convercao/ : Warning: NUMERIC_STD.">=": metavalue detected, returning FALSE
at 0 ps, Instance /test_interface/uut/Mult_BCD/product_X1/convercao/ : Warning: NUMERIC_STD.">=": metavalue detected, returning FALSE
at 0 ps, Instance /test_interface/uut/Mult_BCD/product_X1/convercao/ : Warning: NUMERIC_STD.">=": metavalue detected, returning FALSE
at 0 ps, Instance /test_interface/uut/Mult_BCD/product_X2/convercao/ : Warning: NUMERIC_STD.">=": metavalue detected, returning FALSE
at 0 ps, Instance /test_interface/uut/Mult_BCD/product_X2/convercao/ : Warning: NUMERIC_STD.">=": metavalue detected, returning FALSE
at 0 ps, Instance /test_interface/uut/Mult_BCD/product_X2/convercao/ : Warning: NUMERIC_STD.">=": metavalue detected, returning FALSE
at 0 ps, Instance /test_interface/uut/Mult_BCD/product_X2/convercao/ : Warning: NUMERIC_STD.">=": metavalue detected, returning FALSE
at 0 ps, Instance /test_interface/uut/Mult_BCD/product_X2/convercao/ : Warning: NUMERIC_STD.">=": metavalue detected, returning FALSE
at 0 ps, Instance /test_interface/uut/Mult_BCD/product_X2/convercao/ : Warning: NUMERIC_STD.">=": metavalue detected, returning FALSE
at 0 ps, Instance /test_interface/uut/Mult_BCD/product_X2/convercao/ : Warning: NUMERIC_STD.">=": metavalue detected, returning FALSE
at 0 ps, Instance /test_interface/uut/Mult_BCD/product_X2/convercao/ : Warning: NUMERIC_STD.">=": metavalue detected, returning FALSE
at 0 ps, Instance /test_interface/uut/Mult_BCD/product_X2/convercao/ : Warning: NUMERIC_STD.">=": metavalue detected, returning FALSE
at 0 ps, Instance /test_interface/uut/Mult_BCD/product_X2/convercao/ : Warning: NUMERIC_STD.">=": metavalue detected, returning FALSE
at 0 ps, Instance /test_interface/uut/Mult_BCD/product_X3/convercao/ : Warning: NUMERIC_STD.">=": metavalue detected, returning FALSE
at 0 ps, Instance /test_interface/uut/Mult_BCD/product_X3/convercao/ : Warning: NUMERIC_STD.">=": metavalue detected, returning FALSE
at 0 ps, Instance /test_interface/uut/Mult_BCD/product_X3/convercao/ : Warning: NUMERIC_STD.">=": metavalue detected, returning FALSE
at 0 ps, Instance /test_interface/uut/Mult_BCD/product_X3/convercao/ : Warning: NUMERIC_STD.">=": metavalue detected, returning FALSE
at 0 ps, Instance /test_interface/uut/Mult_BCD/product_X3/convercao/ : Warning: NUMERIC_STD.">=": metavalue detected, returning FALSE
at 0 ps, Instance /test_interface/uut/Mult_BCD/product_X3/convercao/ : Warning: NUMERIC_STD.">=": metavalue detected, returning FALSE
at 0 ps, Instance /test_interface/uut/Mult_BCD/product_X3/convercao/ : Warning: NUMERIC_STD.">=": metavalue detected, returning FALSE
at 0 ps, Instance /test_interface/uut/Mult_BCD/product_X3/convercao/ : Warning: NUMERIC_STD.">=": metavalue detected, returning FALSE
at 0 ps, Instance /test_interface/uut/Mult_BCD/product_X3/convercao/ : Warning: NUMERIC_STD.">=": metavalue detected, returning FALSE
at 0 ps, Instance /test_interface/uut/Mult_BCD/product_X3/convercao/ : Warning: NUMERIC_STD.">=": metavalue detected, returning FALSE
at 0 ps, Instance /test_interface/uut/Mult_BCD/product_X4/convercao/ : Warning: NUMERIC_STD.">=": metavalue detected, returning FALSE
at 0 ps, Instance /test_interface/uut/Mult_BCD/product_X4/convercao/ : Warning: NUMERIC_STD.">=": metavalue detected, returning FALSE
at 0 ps, Instance /test_interface/uut/Mult_BCD/product_X4/convercao/ : Warning: NUMERIC_STD.">=": metavalue detected, returning FALSE
at 0 ps, Instance /test_interface/uut/Mult_BCD/product_X4/convercao/ : Warning: NUMERIC_STD.">=": metavalue detected, returning FALSE
at 0 ps, Instance /test_interface/uut/Mult_BCD/product_X4/convercao/ : Warning: NUMERIC_STD.">=": metavalue detected, returning FALSE
at 0 ps, Instance /test_interface/uut/Mult_BCD/product_X4/convercao/ : Warning: NUMERIC_STD.">=": metavalue detected, returning FALSE
at 0 ps, Instance /test_interface/uut/Mult_BCD/product_X4/convercao/ : Warning: NUMERIC_STD.">=": metavalue detected, returning FALSE
at 0 ps, Instance /test_interface/uut/Mult_BCD/product_X4/convercao/ : Warning: NUMERIC_STD.">=": metavalue detected, returning FALSE
at 0 ps, Instance /test_interface/uut/Mult_BCD/product_X4/convercao/ : Warning: NUMERIC_STD.">=": metavalue detected, returning FALSE
at 0 ps, Instance /test_interface/uut/Mult_BCD/product_X4/convercao/ : Warning: NUMERIC_STD.">=": metavalue detected, returning FALSE
at 0 ps, Instance /test_interface/uut/Mult_BCD/product_Y1/convercao/ : Warning: NUMERIC_STD.">=": metavalue detected, returning FALSE
at 0 ps, Instance /test_interface/uut/Mult_BCD/product_Y1/convercao/ : Warning: NUMERIC_STD.">=": metavalue detected, returning FALSE
at 0 ps, Instance /test_interface/uut/Mult_BCD/product_Y1/convercao/ : Warning: NUMERIC_STD.">=": metavalue detected, returning FALSE
at 0 ps, Instance /test_interface/uut/Mult_BCD/product_Y1/convercao/ : Warning: NUMERIC_STD.">=": metavalue detected, returning FALSE
at 0 ps, Instance /test_interface/uut/Mult_BCD/product_Y1/convercao/ : Warning: NUMERIC_STD.">=": metavalue detected, returning FALSE
at 0 ps, Instance /test_interface/uut/Mult_BCD/product_Y1/convercao/ : Warning: NUMERIC_STD.">=": metavalue detected, returning FALSE
at 0 ps, Instance /test_interface/uut/Mult_BCD/product_Y1/convercao/ : Warning: NUMERIC_STD.">=": metavalue detected, returning FALSE
at 0 ps, Instance /test_interface/uut/Mult_BCD/product_Y1/convercao/ : Warning: NUMERIC_STD.">=": metavalue detected, returning FALSE
at 0 ps, Instance /test_interface/uut/Mult_BCD/product_Y1/convercao/ : Warning: NUMERIC_STD.">=": metavalue detected, returning FALSE
at 0 ps, Instance /test_interface/uut/Mult_BCD/product_Y1/convercao/ : Warning: NUMERIC_STD.">=": metavalue detected, returning FALSE
at 0 ps, Instance /test_interface/uut/Mult_BCD/product_Y2/convercao/ : Warning: NUMERIC_STD.">=": metavalue detected, returning FALSE
at 0 ps, Instance /test_interface/uut/Mult_BCD/product_Y2/convercao/ : Warning: NUMERIC_STD.">=": metavalue detected, returning FALSE
at 0 ps, Instance /test_interface/uut/Mult_BCD/product_Y2/convercao/ : Warning: NUMERIC_STD.">=": metavalue detected, returning FALSE
at 0 ps, Instance /test_interface/uut/Mult_BCD/product_Y2/convercao/ : Warning: NUMERIC_STD.">=": metavalue detected, returning FALSE
at 0 ps, Instance /test_interface/uut/Mult_BCD/product_Y2/convercao/ : Warning: NUMERIC_STD.">=": metavalue detected, returning FALSE
at 0 ps, Instance /test_interface/uut/Mult_BCD/product_Y2/convercao/ : Warning: NUMERIC_STD.">=": metavalue detected, returning FALSE
at 0 ps, Instance /test_interface/uut/Mult_BCD/product_Y2/convercao/ : Warning: NUMERIC_STD.">=": metavalue detected, returning FALSE
at 0 ps, Instance /test_interface/uut/Mult_BCD/product_Y2/convercao/ : Warning: NUMERIC_STD.">=": metavalue detected, returning FALSE
at 0 ps, Instance /test_interface/uut/Mult_BCD/product_Y2/convercao/ : Warning: NUMERIC_STD.">=": metavalue detected, returning FALSE
at 0 ps, Instance /test_interface/uut/Mult_BCD/product_Y2/convercao/ : Warning: NUMERIC_STD.">=": metavalue detected, returning FALSE
at 0 ps, Instance /test_interface/uut/Mult_BCD/product_Y3/convercao/ : Warning: NUMERIC_STD.">=": metavalue detected, returning FALSE
at 0 ps, Instance /test_interface/uut/Mult_BCD/product_Y3/convercao/ : Warning: NUMERIC_STD.">=": metavalue detected, returning FALSE
at 0 ps, Instance /test_interface/uut/Mult_BCD/product_Y3/convercao/ : Warning: NUMERIC_STD.">=": metavalue detected, returning FALSE
at 0 ps, Instance /test_interface/uut/Mult_BCD/product_Y3/convercao/ : Warning: NUMERIC_STD.">=": metavalue detected, returning FALSE
at 0 ps, Instance /test_interface/uut/Mult_BCD/product_Y3/convercao/ : Warning: NUMERIC_STD.">=": metavalue detected, returning FALSE
at 0 ps, Instance /test_interface/uut/Mult_BCD/product_Y3/convercao/ : Warning: NUMERIC_STD.">=": metavalue detected, returning FALSE
at 0 ps, Instance /test_interface/uut/Mult_BCD/product_Y3/convercao/ : Warning: NUMERIC_STD.">=": metavalue detected, returning FALSE
at 0 ps, Instance /test_interface/uut/Mult_BCD/product_Y3/convercao/ : Warning: NUMERIC_STD.">=": metavalue detected, returning FALSE
at 0 ps, Instance /test_interface/uut/Mult_BCD/product_Y3/convercao/ : Warning: NUMERIC_STD.">=": metavalue detected, returning FALSE
at 0 ps, Instance /test_interface/uut/Mult_BCD/product_Y3/convercao/ : Warning: NUMERIC_STD.">=": metavalue detected, returning FALSE
at 0 ps, Instance /test_interface/uut/Mult_BCD/product_Y4/convercao/ : Warning: NUMERIC_STD.">=": metavalue detected, returning FALSE
at 0 ps, Instance /test_interface/uut/Mult_BCD/product_Y4/convercao/ : Warning: NUMERIC_STD.">=": metavalue detected, returning FALSE
at 0 ps, Instance /test_interface/uut/Mult_BCD/product_Y4/convercao/ : Warning: NUMERIC_STD.">=": metavalue detected, returning FALSE
at 0 ps, Instance /test_interface/uut/Mult_BCD/product_Y4/convercao/ : Warning: NUMERIC_STD.">=": metavalue detected, returning FALSE
at 0 ps, Instance /test_interface/uut/Mult_BCD/product_Y4/convercao/ : Warning: NUMERIC_STD.">=": metavalue detected, returning FALSE
at 0 ps, Instance /test_interface/uut/Mult_BCD/product_Y4/convercao/ : Warning: NUMERIC_STD.">=": metavalue detected, returning FALSE
at 0 ps, Instance /test_interface/uut/Mult_BCD/product_Y4/convercao/ : Warning: NUMERIC_STD.">=": metavalue detected, returning FALSE
at 0 ps, Instance /test_interface/uut/Mult_BCD/product_Y4/convercao/ : Warning: NUMERIC_STD.">=": metavalue detected, returning FALSE
at 0 ps, Instance /test_interface/uut/Mult_BCD/product_Y4/convercao/ : Warning: NUMERIC_STD.">=": metavalue detected, returning FALSE
at 0 ps, Instance /test_interface/uut/Mult_BCD/product_Y4/convercao/ : Warning: NUMERIC_STD.">=": metavalue detected, returning FALSE
at 0 ps, Instance /test_interface/uut/Mult_BCD/productW1/convercao/ : Warning: NUMERIC_STD.">=": metavalue detected, returning FALSE
at 0 ps, Instance /test_interface/uut/Mult_BCD/productW1/convercao/ : Warning: NUMERIC_STD.">=": metavalue detected, returning FALSE
at 0 ps, Instance /test_interface/uut/Mult_BCD/productW1/convercao/ : Warning: NUMERIC_STD.">=": metavalue detected, returning FALSE
at 0 ps, Instance /test_interface/uut/Mult_BCD/productW1/convercao/ : Warning: NUMERIC_STD.">=": metavalue detected, returning FALSE
at 0 ps, Instance /test_interface/uut/Mult_BCD/productW1/convercao/ : Warning: NUMERIC_STD.">=": metavalue detected, returning FALSE
at 0 ps, Instance /test_interface/uut/Mult_BCD/productW1/convercao/ : Warning: NUMERIC_STD.">=": metavalue detected, returning FALSE
at 0 ps, Instance /test_interface/uut/Mult_BCD/productW1/convercao/ : Warning: NUMERIC_STD.">=": metavalue detected, returning FALSE
at 0 ps, Instance /test_interface/uut/Mult_BCD/productW1/convercao/ : Warning: NUMERIC_STD.">=": metavalue detected, returning FALSE
at 0 ps, Instance /test_interface/uut/Mult_BCD/productW1/convercao/ : Warning: NUMERIC_STD.">=": metavalue detected, returning FALSE
at 0 ps, Instance /test_interface/uut/Mult_BCD/productW1/convercao/ : Warning: NUMERIC_STD.">=": metavalue detected, returning FALSE
at 0 ps, Instance /test_interface/uut/Mult_BCD/productW2/convercao/ : Warning: NUMERIC_STD.">=": metavalue detected, returning FALSE
at 0 ps, Instance /test_interface/uut/Mult_BCD/productW2/convercao/ : Warning: NUMERIC_STD.">=": metavalue detected, returning FALSE
at 0 ps, Instance /test_interface/uut/Mult_BCD/productW2/convercao/ : Warning: NUMERIC_STD.">=": metavalue detected, returning FALSE
at 0 ps, Instance /test_interface/uut/Mult_BCD/productW2/convercao/ : Warning: NUMERIC_STD.">=": metavalue detected, returning FALSE
at 0 ps, Instance /test_interface/uut/Mult_BCD/productW2/convercao/ : Warning: NUMERIC_STD.">=": metavalue detected, returning FALSE
at 0 ps, Instance /test_interface/uut/Mult_BCD/productW2/convercao/ : Warning: NUMERIC_STD.">=": metavalue detected, returning FALSE
at 0 ps, Instance /test_interface/uut/Mult_BCD/productW2/convercao/ : Warning: NUMERIC_STD.">=": metavalue detected, returning FALSE
at 0 ps, Instance /test_interface/uut/Mult_BCD/productW2/convercao/ : Warning: NUMERIC_STD.">=": metavalue detected, returning FALSE
at 0 ps, Instance /test_interface/uut/Mult_BCD/productW2/convercao/ : Warning: NUMERIC_STD.">=": metavalue detected, returning FALSE
at 0 ps, Instance /test_interface/uut/Mult_BCD/productW2/convercao/ : Warning: NUMERIC_STD.">=": metavalue detected, returning FALSE
at 0 ps, Instance /test_interface/uut/Mult_BCD/productW3/convercao/ : Warning: NUMERIC_STD.">=": metavalue detected, returning FALSE
at 0 ps, Instance /test_interface/uut/Mult_BCD/productW3/convercao/ : Warning: NUMERIC_STD.">=": metavalue detected, returning FALSE
at 0 ps, Instance /test_interface/uut/Mult_BCD/productW3/convercao/ : Warning: NUMERIC_STD.">=": metavalue detected, returning FALSE
at 0 ps, Instance /test_interface/uut/Mult_BCD/productW3/convercao/ : Warning: NUMERIC_STD.">=": metavalue detected, returning FALSE
at 0 ps, Instance /test_interface/uut/Mult_BCD/productW3/convercao/ : Warning: NUMERIC_STD.">=": metavalue detected, returning FALSE
at 0 ps, Instance /test_interface/uut/Mult_BCD/productW3/convercao/ : Warning: NUMERIC_STD.">=": metavalue detected, returning FALSE
at 0 ps, Instance /test_interface/uut/Mult_BCD/productW3/convercao/ : Warning: NUMERIC_STD.">=": metavalue detected, returning FALSE
at 0 ps, Instance /test_interface/uut/Mult_BCD/productW3/convercao/ : Warning: NUMERIC_STD.">=": metavalue detected, returning FALSE
at 0 ps, Instance /test_interface/uut/Mult_BCD/productW3/convercao/ : Warning: NUMERIC_STD.">=": metavalue detected, returning FALSE
at 0 ps, Instance /test_interface/uut/Mult_BCD/productW3/convercao/ : Warning: NUMERIC_STD.">=": metavalue detected, returning FALSE
at 0 ps, Instance /test_interface/uut/Mult_BCD/productW4/convercao/ : Warning: NUMERIC_STD.">=": metavalue detected, returning FALSE
at 0 ps, Instance /test_interface/uut/Mult_BCD/productW4/convercao/ : Warning: NUMERIC_STD.">=": metavalue detected, returning FALSE
at 0 ps, Instance /test_interface/uut/Mult_BCD/productW4/convercao/ : Warning: NUMERIC_STD.">=": metavalue detected, returning FALSE
at 0 ps, Instance /test_interface/uut/Mult_BCD/productW4/convercao/ : Warning: NUMERIC_STD.">=": metavalue detected, returning FALSE
at 0 ps, Instance /test_interface/uut/Mult_BCD/productW4/convercao/ : Warning: NUMERIC_STD.">=": metavalue detected, returning FALSE
at 0 ps, Instance /test_interface/uut/Mult_BCD/productW4/convercao/ : Warning: NUMERIC_STD.">=": metavalue detected, returning FALSE
at 0 ps, Instance /test_interface/uut/Mult_BCD/productW4/convercao/ : Warning: NUMERIC_STD.">=": metavalue detected, returning FALSE
at 0 ps, Instance /test_interface/uut/Mult_BCD/productW4/convercao/ : Warning: NUMERIC_STD.">=": metavalue detected, returning FALSE
at 0 ps, Instance /test_interface/uut/Mult_BCD/productW4/convercao/ : Warning: NUMERIC_STD.">=": metavalue detected, returning FALSE
at 0 ps, Instance /test_interface/uut/Mult_BCD/productW4/convercao/ : Warning: NUMERIC_STD.">=": metavalue detected, returning FALSE
at 0 ps, Instance /test_interface/uut/Mult_BCD/productZ1/convercao/ : Warning: NUMERIC_STD.">=": metavalue detected, returning FALSE
at 0 ps, Instance /test_interface/uut/Mult_BCD/productZ1/convercao/ : Warning: NUMERIC_STD.">=": metavalue detected, returning FALSE
at 0 ps, Instance /test_interface/uut/Mult_BCD/productZ1/convercao/ : Warning: NUMERIC_STD.">=": metavalue detected, returning FALSE
at 0 ps, Instance /test_interface/uut/Mult_BCD/productZ1/convercao/ : Warning: NUMERIC_STD.">=": metavalue detected, returning FALSE
at 0 ps, Instance /test_interface/uut/Mult_BCD/productZ1/convercao/ : Warning: NUMERIC_STD.">=": metavalue detected, returning FALSE
at 0 ps, Instance /test_interface/uut/Mult_BCD/productZ1/convercao/ : Warning: NUMERIC_STD.">=": metavalue detected, returning FALSE
at 0 ps, Instance /test_interface/uut/Mult_BCD/productZ1/convercao/ : Warning: NUMERIC_STD.">=": metavalue detected, returning FALSE
at 0 ps, Instance /test_interface/uut/Mult_BCD/productZ1/convercao/ : Warning: NUMERIC_STD.">=": metavalue detected, returning FALSE
at 0 ps, Instance /test_interface/uut/Mult_BCD/productZ1/convercao/ : Warning: NUMERIC_STD.">=": metavalue detected, returning FALSE
at 0 ps, Instance /test_interface/uut/Mult_BCD/productZ1/convercao/ : Warning: NUMERIC_STD.">=": metavalue detected, returning FALSE
at 0 ps, Instance /test_interface/uut/Mult_BCD/productZ2/convercao/ : Warning: NUMERIC_STD.">=": metavalue detected, returning FALSE
at 0 ps, Instance /test_interface/uut/Mult_BCD/productZ2/convercao/ : Warning: NUMERIC_STD.">=": metavalue detected, returning FALSE
at 0 ps, Instance /test_interface/uut/Mult_BCD/productZ2/convercao/ : Warning: NUMERIC_STD.">=": metavalue detected, returning FALSE
at 0 ps, Instance /test_interface/uut/Mult_BCD/productZ2/convercao/ : Warning: NUMERIC_STD.">=": metavalue detected, returning FALSE
at 0 ps, Instance /test_interface/uut/Mult_BCD/productZ2/convercao/ : Warning: NUMERIC_STD.">=": metavalue detected, returning FALSE
at 0 ps, Instance /test_interface/uut/Mult_BCD/productZ2/convercao/ : Warning: NUMERIC_STD.">=": metavalue detected, returning FALSE
at 0 ps, Instance /test_interface/uut/Mult_BCD/productZ2/convercao/ : Warning: NUMERIC_STD.">=": metavalue detected, returning FALSE
at 0 ps, Instance /test_interface/uut/Mult_BCD/productZ2/convercao/ : Warning: NUMERIC_STD.">=": metavalue detected, returning FALSE
at 0 ps, Instance /test_interface/uut/Mult_BCD/productZ2/convercao/ : Warning: NUMERIC_STD.">=": metavalue detected, returning FALSE
at 0 ps, Instance /test_interface/uut/Mult_BCD/productZ2/convercao/ : Warning: NUMERIC_STD.">=": metavalue detected, returning FALSE
at 0 ps, Instance /test_interface/uut/Mult_BCD/productZ3/convercao/ : Warning: NUMERIC_STD.">=": metavalue detected, returning FALSE
at 0 ps, Instance /test_interface/uut/Mult_BCD/productZ3/convercao/ : Warning: NUMERIC_STD.">=": metavalue detected, returning FALSE
at 0 ps, Instance /test_interface/uut/Mult_BCD/productZ3/convercao/ : Warning: NUMERIC_STD.">=": metavalue detected, returning FALSE
at 0 ps, Instance /test_interface/uut/Mult_BCD/productZ3/convercao/ : Warning: NUMERIC_STD.">=": metavalue detected, returning FALSE
at 0 ps, Instance /test_interface/uut/Mult_BCD/productZ3/convercao/ : Warning: NUMERIC_STD.">=": metavalue detected, returning FALSE
at 0 ps, Instance /test_interface/uut/Mult_BCD/productZ3/convercao/ : Warning: NUMERIC_STD.">=": metavalue detected, returning FALSE
at 0 ps, Instance /test_interface/uut/Mult_BCD/productZ3/convercao/ : Warning: NUMERIC_STD.">=": metavalue detected, returning FALSE
at 0 ps, Instance /test_interface/uut/Mult_BCD/productZ3/convercao/ : Warning: NUMERIC_STD.">=": metavalue detected, returning FALSE
at 0 ps, Instance /test_interface/uut/Mult_BCD/productZ3/convercao/ : Warning: NUMERIC_STD.">=": metavalue detected, returning FALSE
at 0 ps, Instance /test_interface/uut/Mult_BCD/productZ3/convercao/ : Warning: NUMERIC_STD.">=": metavalue detected, returning FALSE
at 0 ps, Instance /test_interface/uut/Mult_BCD/productZ4/convercao/ : Warning: NUMERIC_STD.">=": metavalue detected, returning FALSE
at 0 ps, Instance /test_interface/uut/Mult_BCD/productZ4/convercao/ : Warning: NUMERIC_STD.">=": metavalue detected, returning FALSE
at 0 ps, Instance /test_interface/uut/Mult_BCD/productZ4/convercao/ : Warning: NUMERIC_STD.">=": metavalue detected, returning FALSE
at 0 ps, Instance /test_interface/uut/Mult_BCD/productZ4/convercao/ : Warning: NUMERIC_STD.">=": metavalue detected, returning FALSE
at 0 ps, Instance /test_interface/uut/Mult_BCD/productZ4/convercao/ : Warning: NUMERIC_STD.">=": metavalue detected, returning FALSE
at 0 ps, Instance /test_interface/uut/Mult_BCD/productZ4/convercao/ : Warning: NUMERIC_STD.">=": metavalue detected, returning FALSE
at 0 ps, Instance /test_interface/uut/Mult_BCD/productZ4/convercao/ : Warning: NUMERIC_STD.">=": metavalue detected, returning FALSE
at 0 ps, Instance /test_interface/uut/Mult_BCD/productZ4/convercao/ : Warning: NUMERIC_STD.">=": metavalue detected, returning FALSE
at 0 ps, Instance /test_interface/uut/Mult_BCD/productZ4/convercao/ : Warning: NUMERIC_STD.">=": metavalue detected, returning FALSE
at 0 ps, Instance /test_interface/uut/Mult_BCD/productZ4/convercao/ : Warning: NUMERIC_STD.">=": metavalue detected, returning FALSE
Stopped at time : 197161470 ns : File "/home/iverton/Documentos/SD Projeto 2 atual/Interface/test_interface.vhd" Line 79
# exit 0
